Upload progress:   0%|          | 0.00/4.64k [00:00<?, ?it/s]Upload progress: 100%|██████████| 4.64k/4.64k [00:00<00:00, 1.20Mit/s]
2023-01-17 23:33:22.202 | DEBUG    | gptchem.tuner:tune:186 - Requested fine tuning. {
  "created_at": 1673994802,
  "events": [
    {
      "created_at": 1673994802,
      "level": "info",
      "message": "Created fine-tune: ft-0cjNTOSMiaRRcdvIDp4qBtPD",
      "object": "fine-tune-event"
    }
  ],
  "fine_tuned_model": null,
  "hyperparams": {
    "batch_size": null,
    "learning_rate_multiplier": 0.02,
    "n_epochs": 8,
    "prompt_loss_weight": 0.01
  },
  "id": "ft-0cjNTOSMiaRRcdvIDp4qBtPD",
  "model": "ada",
  "object": "fine-tune",
  "organization_id": "org-TFRJXw3PPQocOWbu71eI2t9U",
  "result_files": [],
  "status": "pending",
  "training_files": [
    {
      "bytes": 4637,
      "created_at": 1673994801,
      "filename": "/Users/kevinmaikjablonka/git/kjappelbaum/gptchem/experiments/03_classification/mof_solvent/out/20230117_233319/train.jsonl",
      "id": "file-vwMUVnRe5aUpnwdxvsaYVJAF",
      "object": "file",
      "purpose": "fine-tune",
      "status": "uploaded",
      "status_details": null
    }
  ],
  "updated_at": 1673994802,
  "validation_files": []
}
2023-01-17 23:33:22.385 | DEBUG    | gptchem.tuner:get_ft_model_name:29 - Fine tuning status: pending
2023-01-17 23:35:23.024 | DEBUG    | gptchem.tuner:get_ft_model_name:29 - Fine tuning status: pending
2023-01-17 23:37:23.752 | DEBUG    | gptchem.tuner:get_ft_model_name:29 - Fine tuning status: pending
2023-01-17 23:39:24.707 | DEBUG    | gptchem.tuner:get_ft_model_name:29 - Fine tuning status: pending
2023-01-17 23:41:25.271 | DEBUG    | gptchem.tuner:get_ft_model_name:29 - Fine tuning status: pending
2023-01-17 23:43:25.832 | DEBUG    | gptchem.tuner:get_ft_model_name:29 - Fine tuning status: pending
2023-01-17 23:45:27.308 | DEBUG    | gptchem.tuner:get_ft_model_name:29 - Fine tuning status: pending
2023-01-17 23:47:28.217 | DEBUG    | gptchem.tuner:get_ft_model_name:29 - Fine tuning status: pending
2023-01-17 23:49:28.741 | DEBUG    | gptchem.tuner:get_ft_model_name:29 - Fine tuning status: pending
2023-01-17 23:51:29.519 | DEBUG    | gptchem.tuner:get_ft_model_name:29 - Fine tuning status: pending
2023-01-17 23:53:30.356 | DEBUG    | gptchem.tuner:get_ft_model_name:29 - Fine tuning status: pending
2023-01-17 23:55:30.871 | DEBUG    | gptchem.tuner:get_ft_model_name:29 - Fine tuning status: pending
2023-01-17 23:57:31.461 | DEBUG    | gptchem.tuner:get_ft_model_name:29 - Fine tuning status: pending
2023-01-17 23:59:33.217 | DEBUG    | gptchem.tuner:get_ft_model_name:29 - Fine tuning status: pending
2023-01-18 00:01:33.869 | DEBUG    | gptchem.tuner:get_ft_model_name:29 - Fine tuning status: pending
2023-01-18 00:03:34.778 | DEBUG    | gptchem.tuner:get_ft_model_name:29 - Fine tuning status: pending
2023-01-18 00:05:35.373 | DEBUG    | gptchem.tuner:get_ft_model_name:29 - Fine tuning status: pending
2023-01-18 00:07:35.898 | DEBUG    | gptchem.tuner:get_ft_model_name:29 - Fine tuning status: pending
2023-01-18 00:09:36.513 | DEBUG    | gptchem.tuner:get_ft_model_name:29 - Fine tuning status: pending
2023-01-18 00:11:37.158 | DEBUG    | gptchem.tuner:get_ft_model_name:29 - Fine tuning status: pending
2023-01-18 00:13:38.591 | DEBUG    | gptchem.tuner:get_ft_model_name:29 - Fine tuning status: pending
2023-01-18 00:15:39.181 | DEBUG    | gptchem.tuner:get_ft_model_name:29 - Fine tuning status: pending
2023-01-18 00:17:39.765 | DEBUG    | gptchem.tuner:get_ft_model_name:29 - Fine tuning status: pending
2023-01-18 00:19:40.347 | DEBUG    | gptchem.tuner:get_ft_model_name:29 - Fine tuning status: pending
2023-01-18 00:21:41.078 | DEBUG    | gptchem.tuner:get_ft_model_name:29 - Fine tuning status: pending
2023-01-18 00:23:41.772 | DEBUG    | gptchem.tuner:get_ft_model_name:29 - Fine tuning status: pending
2023-01-18 00:25:42.391 | DEBUG    | gptchem.tuner:get_ft_model_name:29 - Fine tuning status: pending
2023-01-18 00:27:43.037 | DEBUG    | gptchem.tuner:get_ft_model_name:29 - Fine tuning status: pending
2023-01-18 00:29:43.846 | DEBUG    | gptchem.tuner:get_ft_model_name:29 - Fine tuning status: pending
2023-01-18 00:31:44.590 | DEBUG    | gptchem.tuner:get_ft_model_name:29 - Fine tuning status: pending
2023-01-18 00:33:45.528 | DEBUG    | gptchem.tuner:get_ft_model_name:29 - Fine tuning status: pending
2023-01-18 00:35:46.871 | DEBUG    | gptchem.tuner:get_ft_model_name:29 - Fine tuning status: pending
2023-01-18 00:37:47.440 | DEBUG    | gptchem.tuner:get_ft_model_name:29 - Fine tuning status: pending
2023-01-18 00:39:48.406 | DEBUG    | gptchem.tuner:get_ft_model_name:29 - Fine tuning status: pending
2023-01-18 00:41:49.008 | DEBUG    | gptchem.tuner:get_ft_model_name:29 - Fine tuning status: pending
2023-01-18 00:43:49.560 | DEBUG    | gptchem.tuner:get_ft_model_name:29 - Fine tuning status: pending
2023-01-18 00:45:50.175 | DEBUG    | gptchem.tuner:get_ft_model_name:29 - Fine tuning status: pending
2023-01-18 00:47:50.769 | DEBUG    | gptchem.tuner:get_ft_model_name:29 - Fine tuning status: failed
2023-01-18 00:49:51.488 | DEBUG    | gptchem.tuner:get_ft_model_name:29 - Fine tuning status: failed
2023-01-18 00:51:52.057 | DEBUG    | gptchem.tuner:get_ft_model_name:29 - Fine tuning status: failed
2023-01-18 00:53:52.811 | DEBUG    | gptchem.tuner:get_ft_model_name:29 - Fine tuning status: failed
2023-01-18 00:55:53.553 | DEBUG    | gptchem.tuner:get_ft_model_name:29 - Fine tuning status: failed
2023-01-18 00:57:54.230 | DEBUG    | gptchem.tuner:get_ft_model_name:29 - Fine tuning status: failed
2023-01-18 00:59:54.827 | DEBUG    | gptchem.tuner:get_ft_model_name:29 - Fine tuning status: failed
2023-01-18 01:01:55.415 | DEBUG    | gptchem.tuner:get_ft_model_name:29 - Fine tuning status: failed
2023-01-18 01:03:55.997 | DEBUG    | gptchem.tuner:get_ft_model_name:29 - Fine tuning status: failed
2023-01-18 01:05:57.115 | DEBUG    | gptchem.tuner:get_ft_model_name:29 - Fine tuning status: failed
2023-01-18 01:07:57.919 | DEBUG    | gptchem.tuner:get_ft_model_name:29 - Fine tuning status: failed
2023-01-18 01:09:58.435 | DEBUG    | gptchem.tuner:get_ft_model_name:29 - Fine tuning status: failed
2023-01-18 01:11:59.032 | DEBUG    | gptchem.tuner:get_ft_model_name:29 - Fine tuning status: failed
2023-01-18 01:13:59.625 | DEBUG    | gptchem.tuner:get_ft_model_name:29 - Fine tuning status: failed
2023-01-18 01:16:00.364 | DEBUG    | gptchem.tuner:get_ft_model_name:29 - Fine tuning status: failed
2023-01-18 01:18:00.963 | DEBUG    | gptchem.tuner:get_ft_model_name:29 - Fine tuning status: failed
2023-01-18 01:20:02.048 | DEBUG    | gptchem.tuner:get_ft_model_name:29 - Fine tuning status: failed
2023-01-18 01:22:03.013 | DEBUG    | gptchem.tuner:get_ft_model_name:29 - Fine tuning status: failed
2023-01-18 01:24:04.085 | DEBUG    | gptchem.tuner:get_ft_model_name:29 - Fine tuning status: failed
2023-01-18 01:26:04.976 | DEBUG    | gptchem.tuner:get_ft_model_name:29 - Fine tuning status: failed
2023-01-18 01:28:05.667 | DEBUG    | gptchem.tuner:get_ft_model_name:29 - Fine tuning status: failed
2023-01-18 01:30:06.456 | DEBUG    | gptchem.tuner:get_ft_model_name:29 - Fine tuning status: failed
2023-01-18 01:32:07.025 | DEBUG    | gptchem.tuner:get_ft_model_name:29 - Fine tuning status: failed
2023-01-18 01:34:07.671 | DEBUG    | gptchem.tuner:get_ft_model_name:29 - Fine tuning status: failed
2023-01-18 01:36:08.371 | DEBUG    | gptchem.tuner:get_ft_model_name:29 - Fine tuning status: failed
2023-01-18 01:38:08.902 | DEBUG    | gptchem.tuner:get_ft_model_name:29 - Fine tuning status: failed
2023-01-18 01:40:09.518 | DEBUG    | gptchem.tuner:get_ft_model_name:29 - Fine tuning status: failed
2023-01-18 01:42:10.100 | DEBUG    | gptchem.tuner:get_ft_model_name:29 - Fine tuning status: failed
2023-01-18 01:44:10.682 | DEBUG    | gptchem.tuner:get_ft_model_name:29 - Fine tuning status: failed
2023-01-18 01:46:11.275 | DEBUG    | gptchem.tuner:get_ft_model_name:29 - Fine tuning status: failed
2023-01-18 01:48:12.142 | DEBUG    | gptchem.tuner:get_ft_model_name:29 - Fine tuning status: failed
2023-01-18 01:50:13.160 | DEBUG    | gptchem.tuner:get_ft_model_name:29 - Fine tuning status: failed
2023-01-18 01:52:13.821 | DEBUG    | gptchem.tuner:get_ft_model_name:29 - Fine tuning status: failed
2023-01-18 01:54:15.067 | DEBUG    | gptchem.tuner:get_ft_model_name:29 - Fine tuning status: failed
2023-01-18 01:56:16.177 | DEBUG    | gptchem.tuner:get_ft_model_name:29 - Fine tuning status: failed
2023-01-18 01:58:16.772 | DEBUG    | gptchem.tuner:get_ft_model_name:29 - Fine tuning status: failed
2023-01-18 02:00:17.821 | DEBUG    | gptchem.tuner:get_ft_model_name:29 - Fine tuning status: failed
2023-01-18 02:02:18.414 | DEBUG    | gptchem.tuner:get_ft_model_name:29 - Fine tuning status: failed
2023-01-18 02:04:18.997 | DEBUG    | gptchem.tuner:get_ft_model_name:29 - Fine tuning status: failed
2023-01-18 02:06:19.709 | DEBUG    | gptchem.tuner:get_ft_model_name:29 - Fine tuning status: failed
2023-01-18 02:08:20.283 | DEBUG    | gptchem.tuner:get_ft_model_name:29 - Fine tuning status: failed
2023-01-18 02:10:20.890 | DEBUG    | gptchem.tuner:get_ft_model_name:29 - Fine tuning status: failed
2023-01-18 02:12:21.467 | DEBUG    | gptchem.tuner:get_ft_model_name:29 - Fine tuning status: failed
2023-01-18 02:14:22.054 | DEBUG    | gptchem.tuner:get_ft_model_name:29 - Fine tuning status: failed
2023-01-18 02:16:22.653 | DEBUG    | gptchem.tuner:get_ft_model_name:29 - Fine tuning status: failed
2023-01-18 02:18:23.207 | DEBUG    | gptchem.tuner:get_ft_model_name:29 - Fine tuning status: failed
2023-01-18 02:20:24.021 | DEBUG    | gptchem.tuner:get_ft_model_name:29 - Fine tuning status: failed
2023-01-18 02:22:24.773 | DEBUG    | gptchem.tuner:get_ft_model_name:29 - Fine tuning status: failed
2023-01-18 02:24:25.887 | DEBUG    | gptchem.tuner:get_ft_model_name:29 - Fine tuning status: failed
2023-01-18 02:26:26.449 | DEBUG    | gptchem.tuner:get_ft_model_name:29 - Fine tuning status: failed
2023-01-18 02:28:27.028 | DEBUG    | gptchem.tuner:get_ft_model_name:29 - Fine tuning status: failed
2023-01-18 02:30:27.624 | DEBUG    | gptchem.tuner:get_ft_model_name:29 - Fine tuning status: failed
2023-01-18 02:32:28.408 | DEBUG    | gptchem.tuner:get_ft_model_name:29 - Fine tuning status: failed
2023-01-18 02:34:29.193 | DEBUG    | gptchem.tuner:get_ft_model_name:29 - Fine tuning status: failed
2023-01-18 02:36:29.783 | DEBUG    | gptchem.tuner:get_ft_model_name:29 - Fine tuning status: failed
2023-01-18 02:38:30.490 | DEBUG    | gptchem.tuner:get_ft_model_name:29 - Fine tuning status: failed
2023-01-18 02:40:31.105 | DEBUG    | gptchem.tuner:get_ft_model_name:29 - Fine tuning status: failed
2023-01-18 02:42:31.655 | DEBUG    | gptchem.tuner:get_ft_model_name:29 - Fine tuning status: failed
2023-01-18 02:44:32.356 | DEBUG    | gptchem.tuner:get_ft_model_name:29 - Fine tuning status: failed
2023-01-18 02:46:32.969 | DEBUG    | gptchem.tuner:get_ft_model_name:29 - Fine tuning status: failed
2023-01-18 02:48:33.570 | DEBUG    | gptchem.tuner:get_ft_model_name:29 - Fine tuning status: failed
2023-01-18 02:50:34.152 | DEBUG    | gptchem.tuner:get_ft_model_name:29 - Fine tuning status: failed
2023-01-18 02:52:34.745 | DEBUG    | gptchem.tuner:get_ft_model_name:29 - Fine tuning status: failed
2023-01-18 02:54:35.333 | DEBUG    | gptchem.tuner:get_ft_model_name:29 - Fine tuning status: failed
2023-01-18 02:56:36.485 | DEBUG    | gptchem.tuner:get_ft_model_name:29 - Fine tuning status: failed
2023-01-18 02:58:37.083 | DEBUG    | gptchem.tuner:get_ft_model_name:29 - Fine tuning status: failed
2023-01-18 03:00:38.338 | DEBUG    | gptchem.tuner:get_ft_model_name:29 - Fine tuning status: failed
2023-01-18 03:02:38.912 | DEBUG    | gptchem.tuner:get_ft_model_name:29 - Fine tuning status: failed
2023-01-18 03:04:40.704 | DEBUG    | gptchem.tuner:get_ft_model_name:29 - Fine tuning status: failed
2023-01-18 03:06:41.292 | DEBUG    | gptchem.tuner:get_ft_model_name:29 - Fine tuning status: failed
2023-01-18 03:08:42.192 | DEBUG    | gptchem.tuner:get_ft_model_name:29 - Fine tuning status: failed
2023-01-18 03:10:42.925 | DEBUG    | gptchem.tuner:get_ft_model_name:29 - Fine tuning status: failed
2023-01-18 03:12:43.697 | DEBUG    | gptchem.tuner:get_ft_model_name:29 - Fine tuning status: failed
2023-01-18 03:14:44.272 | DEBUG    | gptchem.tuner:get_ft_model_name:29 - Fine tuning status: failed
2023-01-18 03:16:44.856 | DEBUG    | gptchem.tuner:get_ft_model_name:29 - Fine tuning status: failed
2023-01-18 03:18:45.772 | DEBUG    | gptchem.tuner:get_ft_model_name:29 - Fine tuning status: failed
2023-01-18 03:20:46.542 | DEBUG    | gptchem.tuner:get_ft_model_name:29 - Fine tuning status: failed
2023-01-18 03:22:47.119 | DEBUG    | gptchem.tuner:get_ft_model_name:29 - Fine tuning status: failed
2023-01-18 03:24:47.718 | DEBUG    | gptchem.tuner:get_ft_model_name:29 - Fine tuning status: failed
2023-01-18 03:26:48.563 | DEBUG    | gptchem.tuner:get_ft_model_name:29 - Fine tuning status: failed
2023-01-18 03:28:49.143 | DEBUG    | gptchem.tuner:get_ft_model_name:29 - Fine tuning status: failed
2023-01-18 03:30:50.070 | DEBUG    | gptchem.tuner:get_ft_model_name:29 - Fine tuning status: failed
2023-01-18 03:32:50.701 | DEBUG    | gptchem.tuner:get_ft_model_name:29 - Fine tuning status: failed
2023-01-18 03:34:51.297 | DEBUG    | gptchem.tuner:get_ft_model_name:29 - Fine tuning status: failed
2023-01-18 03:36:51.879 | DEBUG    | gptchem.tuner:get_ft_model_name:29 - Fine tuning status: failed
2023-01-18 03:38:52.627 | DEBUG    | gptchem.tuner:get_ft_model_name:29 - Fine tuning status: failed
2023-01-18 03:40:53.238 | DEBUG    | gptchem.tuner:get_ft_model_name:29 - Fine tuning status: failed
2023-01-18 03:42:53.944 | DEBUG    | gptchem.tuner:get_ft_model_name:29 - Fine tuning status: failed
2023-01-18 03:44:54.694 | DEBUG    | gptchem.tuner:get_ft_model_name:29 - Fine tuning status: failed
2023-01-18 03:46:55.461 | DEBUG    | gptchem.tuner:get_ft_model_name:29 - Fine tuning status: failed
2023-01-18 03:48:56.048 | DEBUG    | gptchem.tuner:get_ft_model_name:29 - Fine tuning status: failed
2023-01-18 03:50:56.983 | DEBUG    | gptchem.tuner:get_ft_model_name:29 - Fine tuning status: failed
2023-01-18 03:52:57.616 | DEBUG    | gptchem.tuner:get_ft_model_name:29 - Fine tuning status: failed
2023-01-18 03:54:58.351 | DEBUG    | gptchem.tuner:get_ft_model_name:29 - Fine tuning status: failed
2023-01-18 03:56:59.269 | DEBUG    | gptchem.tuner:get_ft_model_name:29 - Fine tuning status: failed
2023-01-18 03:58:59.788 | DEBUG    | gptchem.tuner:get_ft_model_name:29 - Fine tuning status: failed
2023-01-18 04:01:00.845 | DEBUG    | gptchem.tuner:get_ft_model_name:29 - Fine tuning status: failed
2023-01-18 04:03:02.835 | DEBUG    | gptchem.tuner:get_ft_model_name:29 - Fine tuning status: failed
2023-01-18 04:05:03.900 | DEBUG    | gptchem.tuner:get_ft_model_name:29 - Fine tuning status: failed
2023-01-18 04:07:04.583 | DEBUG    | gptchem.tuner:get_ft_model_name:29 - Fine tuning status: failed
2023-01-18 04:09:05.162 | DEBUG    | gptchem.tuner:get_ft_model_name:29 - Fine tuning status: failed
2023-01-18 04:11:05.882 | DEBUG    | gptchem.tuner:get_ft_model_name:29 - Fine tuning status: failed
2023-01-18 04:13:06.492 | DEBUG    | gptchem.tuner:get_ft_model_name:29 - Fine tuning status: failed
2023-01-18 04:15:07.073 | DEBUG    | gptchem.tuner:get_ft_model_name:29 - Fine tuning status: failed
2023-01-18 04:17:08.149 | DEBUG    | gptchem.tuner:get_ft_model_name:29 - Fine tuning status: failed
2023-01-18 04:19:08.727 | DEBUG    | gptchem.tuner:get_ft_model_name:29 - Fine tuning status: failed
2023-01-18 04:21:09.962 | DEBUG    | gptchem.tuner:get_ft_model_name:29 - Fine tuning status: failed
2023-01-18 04:23:10.552 | DEBUG    | gptchem.tuner:get_ft_model_name:29 - Fine tuning status: failed
2023-01-18 04:25:11.329 | DEBUG    | gptchem.tuner:get_ft_model_name:29 - Fine tuning status: failed
2023-01-18 04:27:12.288 | DEBUG    | gptchem.tuner:get_ft_model_name:29 - Fine tuning status: failed
2023-01-18 04:29:12.877 | DEBUG    | gptchem.tuner:get_ft_model_name:29 - Fine tuning status: failed
2023-01-18 04:31:13.668 | DEBUG    | gptchem.tuner:get_ft_model_name:29 - Fine tuning status: failed
2023-01-18 04:33:14.248 | DEBUG    | gptchem.tuner:get_ft_model_name:29 - Fine tuning status: failed
2023-01-18 04:35:14.830 | DEBUG    | gptchem.tuner:get_ft_model_name:29 - Fine tuning status: failed
2023-01-18 04:37:16.044 | DEBUG    | gptchem.tuner:get_ft_model_name:29 - Fine tuning status: failed
2023-01-18 04:39:16.660 | DEBUG    | gptchem.tuner:get_ft_model_name:29 - Fine tuning status: failed
2023-01-18 04:41:17.270 | DEBUG    | gptchem.tuner:get_ft_model_name:29 - Fine tuning status: failed
2023-01-18 04:43:18.260 | DEBUG    | gptchem.tuner:get_ft_model_name:29 - Fine tuning status: failed
2023-01-18 04:45:18.826 | DEBUG    | gptchem.tuner:get_ft_model_name:29 - Fine tuning status: failed
2023-01-18 04:47:19.572 | DEBUG    | gptchem.tuner:get_ft_model_name:29 - Fine tuning status: failed
2023-01-18 04:49:20.184 | DEBUG    | gptchem.tuner:get_ft_model_name:29 - Fine tuning status: failed
2023-01-18 04:51:20.841 | DEBUG    | gptchem.tuner:get_ft_model_name:29 - Fine tuning status: failed
2023-01-18 04:53:21.502 | DEBUG    | gptchem.tuner:get_ft_model_name:29 - Fine tuning status: failed
2023-01-18 04:55:22.111 | DEBUG    | gptchem.tuner:get_ft_model_name:29 - Fine tuning status: failed
2023-01-18 04:57:22.870 | DEBUG    | gptchem.tuner:get_ft_model_name:29 - Fine tuning status: failed
2023-01-18 04:59:23.788 | DEBUG    | gptchem.tuner:get_ft_model_name:29 - Fine tuning status: failed
2023-01-18 05:01:24.746 | DEBUG    | gptchem.tuner:get_ft_model_name:29 - Fine tuning status: failed
2023-01-18 05:07:22.446 | DEBUG    | gptchem.tuner:get_ft_model_name:29 - Fine tuning status: failed
2023-01-18 05:09:23.015 | DEBUG    | gptchem.tuner:get_ft_model_name:29 - Fine tuning status: failed
2023-01-18 05:11:23.589 | DEBUG    | gptchem.tuner:get_ft_model_name:29 - Fine tuning status: failed
2023-01-18 05:13:24.200 | DEBUG    | gptchem.tuner:get_ft_model_name:29 - Fine tuning status: failed
2023-01-18 05:15:24.814 | DEBUG    | gptchem.tuner:get_ft_model_name:29 - Fine tuning status: failed
2023-01-18 05:17:25.350 | DEBUG    | gptchem.tuner:get_ft_model_name:29 - Fine tuning status: failed
2023-01-18 05:19:25.907 | DEBUG    | gptchem.tuner:get_ft_model_name:29 - Fine tuning status: failed
2023-01-18 05:21:26.642 | DEBUG    | gptchem.tuner:get_ft_model_name:29 - Fine tuning status: failed
2023-01-18 05:23:27.251 | DEBUG    | gptchem.tuner:get_ft_model_name:29 - Fine tuning status: failed
2023-01-18 05:25:28.138 | DEBUG    | gptchem.tuner:get_ft_model_name:29 - Fine tuning status: failed
2023-01-18 05:27:28.730 | DEBUG    | gptchem.tuner:get_ft_model_name:29 - Fine tuning status: failed
2023-01-18 05:29:29.328 | DEBUG    | gptchem.tuner:get_ft_model_name:29 - Fine tuning status: failed
2023-01-18 05:31:31.160 | DEBUG    | gptchem.tuner:get_ft_model_name:29 - Fine tuning status: failed
2023-01-18 05:33:31.740 | DEBUG    | gptchem.tuner:get_ft_model_name:29 - Fine tuning status: failed
2023-01-18 05:35:32.755 | DEBUG    | gptchem.tuner:get_ft_model_name:29 - Fine tuning status: failed
2023-01-18 05:37:33.422 | DEBUG    | gptchem.tuner:get_ft_model_name:29 - Fine tuning status: failed
2023-01-18 05:39:34.036 | DEBUG    | gptchem.tuner:get_ft_model_name:29 - Fine tuning status: failed
2023-01-18 05:41:34.631 | DEBUG    | gptchem.tuner:get_ft_model_name:29 - Fine tuning status: failed
2023-01-18 05:43:35.173 | DEBUG    | gptchem.tuner:get_ft_model_name:29 - Fine tuning status: failed
2023-01-18 05:45:35.867 | DEBUG    | gptchem.tuner:get_ft_model_name:29 - Fine tuning status: failed
2023-01-18 05:47:36.435 | DEBUG    | gptchem.tuner:get_ft_model_name:29 - Fine tuning status: failed
2023-01-18 05:49:37.027 | DEBUG    | gptchem.tuner:get_ft_model_name:29 - Fine tuning status: failed
2023-01-18 05:51:38.202 | DEBUG    | gptchem.tuner:get_ft_model_name:29 - Fine tuning status: failed
2023-01-18 05:53:38.780 | DEBUG    | gptchem.tuner:get_ft_model_name:29 - Fine tuning status: failed
2023-01-18 05:55:39.368 | DEBUG    | gptchem.tuner:get_ft_model_name:29 - Fine tuning status: failed
2023-01-18 05:57:40.116 | DEBUG    | gptchem.tuner:get_ft_model_name:29 - Fine tuning status: failed
2023-01-18 05:59:40.709 | DEBUG    | gptchem.tuner:get_ft_model_name:29 - Fine tuning status: failed
2023-01-18 06:01:41.765 | DEBUG    | gptchem.tuner:get_ft_model_name:29 - Fine tuning status: failed
2023-01-18 06:08:24.617 | DEBUG    | gptchem.tuner:get_ft_model_name:29 - Fine tuning status: failed
2023-01-18 06:10:25.168 | DEBUG    | gptchem.tuner:get_ft_model_name:29 - Fine tuning status: failed
2023-01-18 06:12:25.770 | DEBUG    | gptchem.tuner:get_ft_model_name:29 - Fine tuning status: failed
2023-01-18 06:14:26.345 | DEBUG    | gptchem.tuner:get_ft_model_name:29 - Fine tuning status: failed
2023-01-18 06:16:27.360 | DEBUG    | gptchem.tuner:get_ft_model_name:29 - Fine tuning status: failed
2023-01-18 06:18:27.909 | DEBUG    | gptchem.tuner:get_ft_model_name:29 - Fine tuning status: failed
2023-01-18 06:20:28.494 | DEBUG    | gptchem.tuner:get_ft_model_name:29 - Fine tuning status: failed
2023-01-18 06:22:29.286 | DEBUG    | gptchem.tuner:get_ft_model_name:29 - Fine tuning status: failed
2023-01-18 06:24:30.076 | DEBUG    | gptchem.tuner:get_ft_model_name:29 - Fine tuning status: failed
2023-01-18 06:26:30.668 | DEBUG    | gptchem.tuner:get_ft_model_name:29 - Fine tuning status: failed
2023-01-18 06:28:31.234 | DEBUG    | gptchem.tuner:get_ft_model_name:29 - Fine tuning status: failed
2023-01-18 06:30:31.802 | DEBUG    | gptchem.tuner:get_ft_model_name:29 - Fine tuning status: failed
2023-01-18 06:32:33.047 | DEBUG    | gptchem.tuner:get_ft_model_name:29 - Fine tuning status: failed
2023-01-18 06:34:33.642 | DEBUG    | gptchem.tuner:get_ft_model_name:29 - Fine tuning status: failed
2023-01-18 06:36:34.408 | DEBUG    | gptchem.tuner:get_ft_model_name:29 - Fine tuning status: failed
2023-01-18 06:38:35.362 | DEBUG    | gptchem.tuner:get_ft_model_name:29 - Fine tuning status: failed
2023-01-18 06:40:36.302 | DEBUG    | gptchem.tuner:get_ft_model_name:29 - Fine tuning status: failed
2023-01-18 06:42:37.475 | DEBUG    | gptchem.tuner:get_ft_model_name:29 - Fine tuning status: failed
2023-01-18 06:44:38.103 | DEBUG    | gptchem.tuner:get_ft_model_name:29 - Fine tuning status: failed
2023-01-18 06:46:38.740 | DEBUG    | gptchem.tuner:get_ft_model_name:29 - Fine tuning status: failed
2023-01-18 06:48:39.801 | DEBUG    | gptchem.tuner:get_ft_model_name:29 - Fine tuning status: failed
2023-01-18 06:50:40.360 | DEBUG    | gptchem.tuner:get_ft_model_name:29 - Fine tuning status: failed
2023-01-18 06:52:40.963 | DEBUG    | gptchem.tuner:get_ft_model_name:29 - Fine tuning status: failed
2023-01-18 06:54:41.522 | DEBUG    | gptchem.tuner:get_ft_model_name:29 - Fine tuning status: failed
2023-01-18 06:56:42.123 | DEBUG    | gptchem.tuner:get_ft_model_name:29 - Fine tuning status: failed
2023-01-18 06:58:43.162 | DEBUG    | gptchem.tuner:get_ft_model_name:29 - Fine tuning status: failed
2023-01-18 07:00:43.702 | DEBUG    | gptchem.tuner:get_ft_model_name:29 - Fine tuning status: failed
2023-01-18 07:02:44.250 | DEBUG    | gptchem.tuner:get_ft_model_name:29 - Fine tuning status: failed
2023-01-18 07:04:44.848 | DEBUG    | gptchem.tuner:get_ft_model_name:29 - Fine tuning status: failed
2023-01-18 07:06:45.409 | DEBUG    | gptchem.tuner:get_ft_model_name:29 - Fine tuning status: failed
2023-01-18 07:08:46.712 | DEBUG    | gptchem.tuner:get_ft_model_name:29 - Fine tuning status: failed
2023-01-18 07:10:47.439 | DEBUG    | gptchem.tuner:get_ft_model_name:29 - Fine tuning status: failed
2023-01-18 07:12:48.017 | DEBUG    | gptchem.tuner:get_ft_model_name:29 - Fine tuning status: failed
2023-01-18 07:14:49.254 | DEBUG    | gptchem.tuner:get_ft_model_name:29 - Fine tuning status: failed
2023-01-18 07:16:50.012 | DEBUG    | gptchem.tuner:get_ft_model_name:29 - Fine tuning status: failed
2023-01-18 07:18:50.596 | DEBUG    | gptchem.tuner:get_ft_model_name:29 - Fine tuning status: failed
2023-01-18 07:20:51.520 | DEBUG    | gptchem.tuner:get_ft_model_name:29 - Fine tuning status: failed
2023-01-18 07:22:52.168 | DEBUG    | gptchem.tuner:get_ft_model_name:29 - Fine tuning status: failed
2023-01-18 07:24:52.936 | DEBUG    | gptchem.tuner:get_ft_model_name:29 - Fine tuning status: failed
2023-01-18 07:26:53.509 | DEBUG    | gptchem.tuner:get_ft_model_name:29 - Fine tuning status: failed
2023-01-18 07:28:54.112 | DEBUG    | gptchem.tuner:get_ft_model_name:29 - Fine tuning status: failed
2023-01-18 07:30:55.139 | DEBUG    | gptchem.tuner:get_ft_model_name:29 - Fine tuning status: failed
2023-01-18 07:32:55.923 | DEBUG    | gptchem.tuner:get_ft_model_name:29 - Fine tuning status: failed
2023-01-18 07:34:56.507 | DEBUG    | gptchem.tuner:get_ft_model_name:29 - Fine tuning status: failed
2023-01-18 07:36:57.919 | DEBUG    | gptchem.tuner:get_ft_model_name:29 - Fine tuning status: failed
2023-01-18 07:38:58.521 | DEBUG    | gptchem.tuner:get_ft_model_name:29 - Fine tuning status: failed
2023-01-18 07:40:59.613 | DEBUG    | gptchem.tuner:get_ft_model_name:29 - Fine tuning status: failed
2023-01-18 07:43:00.137 | DEBUG    | gptchem.tuner:get_ft_model_name:29 - Fine tuning status: failed
2023-01-18 07:45:00.726 | DEBUG    | gptchem.tuner:get_ft_model_name:29 - Fine tuning status: failed
2023-01-18 07:47:01.337 | DEBUG    | gptchem.tuner:get_ft_model_name:29 - Fine tuning status: failed
2023-01-18 07:49:01.904 | DEBUG    | gptchem.tuner:get_ft_model_name:29 - Fine tuning status: failed
2023-01-18 07:51:02.602 | DEBUG    | gptchem.tuner:get_ft_model_name:29 - Fine tuning status: failed
2023-01-18 07:53:03.111 | DEBUG    | gptchem.tuner:get_ft_model_name:29 - Fine tuning status: failed
2023-01-18 07:55:05.417 | DEBUG    | gptchem.tuner:get_ft_model_name:29 - Fine tuning status: failed
2023-01-18 07:57:06.518 | DEBUG    | gptchem.tuner:get_ft_model_name:29 - Fine tuning status: failed
2023-01-18 07:59:07.088 | DEBUG    | gptchem.tuner:get_ft_model_name:29 - Fine tuning status: failed
2023-01-18 08:01:07.701 | DEBUG    | gptchem.tuner:get_ft_model_name:29 - Fine tuning status: failed
2023-01-18 08:03:08.256 | DEBUG    | gptchem.tuner:get_ft_model_name:29 - Fine tuning status: failed
2023-01-18 08:05:08.900 | DEBUG    | gptchem.tuner:get_ft_model_name:29 - Fine tuning status: failed
2023-01-18 08:07:09.446 | DEBUG    | gptchem.tuner:get_ft_model_name:29 - Fine tuning status: failed
2023-01-18 08:09:10.549 | DEBUG    | gptchem.tuner:get_ft_model_name:29 - Fine tuning status: failed
2023-01-18 08:11:11.156 | DEBUG    | gptchem.tuner:get_ft_model_name:29 - Fine tuning status: failed
2023-01-18 08:13:11.739 | DEBUG    | gptchem.tuner:get_ft_model_name:29 - Fine tuning status: failed
2023-01-18 08:15:14.746 | DEBUG    | gptchem.tuner:get_ft_model_name:29 - Fine tuning status: failed
2023-01-18 08:17:15.326 | DEBUG    | gptchem.tuner:get_ft_model_name:29 - Fine tuning status: failed
2023-01-18 08:19:16.093 | DEBUG    | gptchem.tuner:get_ft_model_name:29 - Fine tuning status: failed
2023-01-18 08:21:16.690 | DEBUG    | gptchem.tuner:get_ft_model_name:29 - Fine tuning status: failed
2023-01-18 08:23:17.279 | DEBUG    | gptchem.tuner:get_ft_model_name:29 - Fine tuning status: failed
2023-01-18 08:25:19.008 | DEBUG    | gptchem.tuner:get_ft_model_name:29 - Fine tuning status: failed
2023-01-18 08:27:19.684 | DEBUG    | gptchem.tuner:get_ft_model_name:29 - Fine tuning status: failed
2023-01-18 08:29:20.924 | DEBUG    | gptchem.tuner:get_ft_model_name:29 - Fine tuning status: failed
2023-01-18 08:31:21.505 | DEBUG    | gptchem.tuner:get_ft_model_name:29 - Fine tuning status: failed
2023-01-18 08:33:22.089 | DEBUG    | gptchem.tuner:get_ft_model_name:29 - Fine tuning status: failed
2023-01-18 08:35:23.191 | DEBUG    | gptchem.tuner:get_ft_model_name:29 - Fine tuning status: failed
2023-01-18 08:37:23.814 | DEBUG    | gptchem.tuner:get_ft_model_name:29 - Fine tuning status: failed
2023-01-18 08:39:24.416 | DEBUG    | gptchem.tuner:get_ft_model_name:29 - Fine tuning status: failed
2023-01-18 08:41:25.050 | DEBUG    | gptchem.tuner:get_ft_model_name:29 - Fine tuning status: failed
2023-01-18 08:43:25.605 | DEBUG    | gptchem.tuner:get_ft_model_name:29 - Fine tuning status: failed
2023-01-18 08:45:26.200 | DEBUG    | gptchem.tuner:get_ft_model_name:29 - Fine tuning status: failed
2023-01-18 08:47:26.767 | DEBUG    | gptchem.tuner:get_ft_model_name:29 - Fine tuning status: failed
2023-01-18 08:49:27.361 | DEBUG    | gptchem.tuner:get_ft_model_name:29 - Fine tuning status: failed
2023-01-18 08:51:28.444 | DEBUG    | gptchem.tuner:get_ft_model_name:29 - Fine tuning status: failed
2023-01-18 08:53:28.994 | DEBUG    | gptchem.tuner:get_ft_model_name:29 - Fine tuning status: failed
2023-01-18 08:55:29.577 | DEBUG    | gptchem.tuner:get_ft_model_name:29 - Fine tuning status: failed
2023-01-18 08:57:30.297 | DEBUG    | gptchem.tuner:get_ft_model_name:29 - Fine tuning status: failed
2023-01-18 08:59:30.933 | DEBUG    | gptchem.tuner:get_ft_model_name:29 - Fine tuning status: failed
2023-01-18 09:01:32.046 | DEBUG    | gptchem.tuner:get_ft_model_name:29 - Fine tuning status: failed
2023-01-18 09:03:32.616 | DEBUG    | gptchem.tuner:get_ft_model_name:29 - Fine tuning status: failed
2023-01-18 09:05:33.211 | DEBUG    | gptchem.tuner:get_ft_model_name:29 - Fine tuning status: failed
2023-01-18 09:07:33.865 | DEBUG    | gptchem.tuner:get_ft_model_name:29 - Fine tuning status: failed
2023-01-18 09:09:34.406 | DEBUG    | gptchem.tuner:get_ft_model_name:29 - Fine tuning status: failed
2023-01-18 09:11:35.058 | DEBUG    | gptchem.tuner:get_ft_model_name:29 - Fine tuning status: failed
2023-01-18 09:13:35.686 | DEBUG    | gptchem.tuner:get_ft_model_name:29 - Fine tuning status: failed
2023-01-18 09:15:36.472 | DEBUG    | gptchem.tuner:get_ft_model_name:29 - Fine tuning status: failed
2023-01-18 09:17:37.072 | DEBUG    | gptchem.tuner:get_ft_model_name:29 - Fine tuning status: failed
2023-01-18 09:19:37.644 | DEBUG    | gptchem.tuner:get_ft_model_name:29 - Fine tuning status: failed
2023-01-18 09:21:38.226 | DEBUG    | gptchem.tuner:get_ft_model_name:29 - Fine tuning status: failed
2023-01-18 09:23:39.342 | DEBUG    | gptchem.tuner:get_ft_model_name:29 - Fine tuning status: failed
2023-01-18 09:25:39.996 | DEBUG    | gptchem.tuner:get_ft_model_name:29 - Fine tuning status: failed
2023-01-18 09:27:40.560 | DEBUG    | gptchem.tuner:get_ft_model_name:29 - Fine tuning status: failed
2023-01-18 09:29:41.195 | DEBUG    | gptchem.tuner:get_ft_model_name:29 - Fine tuning status: failed
2023-01-18 09:31:41.860 | DEBUG    | gptchem.tuner:get_ft_model_name:29 - Fine tuning status: failed
2023-01-18 09:33:42.978 | DEBUG    | gptchem.tuner:get_ft_model_name:29 - Fine tuning status: failed
2023-01-18 09:35:43.542 | DEBUG    | gptchem.tuner:get_ft_model_name:29 - Fine tuning status: failed
2023-01-18 09:37:44.174 | DEBUG    | gptchem.tuner:get_ft_model_name:29 - Fine tuning status: failed
2023-01-18 09:39:44.707 | DEBUG    | gptchem.tuner:get_ft_model_name:29 - Fine tuning status: failed
2023-01-18 09:41:45.502 | DEBUG    | gptchem.tuner:get_ft_model_name:29 - Fine tuning status: failed
2023-01-18 09:43:46.414 | DEBUG    | gptchem.tuner:get_ft_model_name:29 - Fine tuning status: failed
2023-01-18 09:45:47.019 | DEBUG    | gptchem.tuner:get_ft_model_name:29 - Fine tuning status: failed
2023-01-18 09:47:48.303 | DEBUG    | gptchem.tuner:get_ft_model_name:29 - Fine tuning status: failed
2023-01-18 09:49:48.889 | DEBUG    | gptchem.tuner:get_ft_model_name:29 - Fine tuning status: failed
2023-01-18 09:51:49.346 | DEBUG    | gptchem.tuner:get_ft_model_name:29 - Fine tuning status: failed
2023-01-18 09:53:49.928 | DEBUG    | gptchem.tuner:get_ft_model_name:29 - Fine tuning status: failed
2023-01-18 09:55:50.550 | DEBUG    | gptchem.tuner:get_ft_model_name:29 - Fine tuning status: failed
2023-01-18 09:57:51.268 | DEBUG    | gptchem.tuner:get_ft_model_name:29 - Fine tuning status: failed
2023-01-18 09:59:52.338 | DEBUG    | gptchem.tuner:get_ft_model_name:29 - Fine tuning status: failed
2023-01-18 10:01:52.900 | DEBUG    | gptchem.tuner:get_ft_model_name:29 - Fine tuning status: failed
2023-01-18 10:03:53.481 | DEBUG    | gptchem.tuner:get_ft_model_name:29 - Fine tuning status: failed
2023-01-18 10:05:54.252 | DEBUG    | gptchem.tuner:get_ft_model_name:29 - Fine tuning status: failed
2023-01-18 10:07:54.845 | DEBUG    | gptchem.tuner:get_ft_model_name:29 - Fine tuning status: failed
2023-01-18 10:09:55.763 | DEBUG    | gptchem.tuner:get_ft_model_name:29 - Fine tuning status: failed
2023-01-18 10:11:56.381 | DEBUG    | gptchem.tuner:get_ft_model_name:29 - Fine tuning status: failed
2023-01-18 10:13:56.980 | DEBUG    | gptchem.tuner:get_ft_model_name:29 - Fine tuning status: failed
2023-01-18 10:15:57.531 | DEBUG    | gptchem.tuner:get_ft_model_name:29 - Fine tuning status: failed
2023-01-18 10:17:58.430 | DEBUG    | gptchem.tuner:get_ft_model_name:29 - Fine tuning status: failed
2023-01-18 10:19:59.412 | DEBUG    | gptchem.tuner:get_ft_model_name:29 - Fine tuning status: failed
2023-01-18 10:22:00.024 | DEBUG    | gptchem.tuner:get_ft_model_name:29 - Fine tuning status: failed
2023-01-18 10:24:00.594 | DEBUG    | gptchem.tuner:get_ft_model_name:29 - Fine tuning status: failed
2023-01-18 10:26:01.146 | DEBUG    | gptchem.tuner:get_ft_model_name:29 - Fine tuning status: failed
2023-01-18 10:28:01.749 | DEBUG    | gptchem.tuner:get_ft_model_name:29 - Fine tuning status: failed
2023-01-18 10:30:02.314 | DEBUG    | gptchem.tuner:get_ft_model_name:29 - Fine tuning status: failed
2023-01-18 10:32:02.904 | DEBUG    | gptchem.tuner:get_ft_model_name:29 - Fine tuning status: failed
2023-01-18 10:34:03.472 | DEBUG    | gptchem.tuner:get_ft_model_name:29 - Fine tuning status: failed
2023-01-18 10:36:04.273 | DEBUG    | gptchem.tuner:get_ft_model_name:29 - Fine tuning status: failed
2023-01-18 10:38:04.842 | DEBUG    | gptchem.tuner:get_ft_model_name:29 - Fine tuning status: failed
2023-01-18 10:40:05.425 | DEBUG    | gptchem.tuner:get_ft_model_name:29 - Fine tuning status: failed
2023-01-18 10:42:06.045 | DEBUG    | gptchem.tuner:get_ft_model_name:29 - Fine tuning status: failed
2023-01-18 10:44:06.742 | DEBUG    | gptchem.tuner:get_ft_model_name:29 - Fine tuning status: failed
2023-01-18 10:46:07.523 | DEBUG    | gptchem.tuner:get_ft_model_name:29 - Fine tuning status: failed
2023-01-18 10:48:08.432 | DEBUG    | gptchem.tuner:get_ft_model_name:29 - Fine tuning status: failed
2023-01-18 10:50:09.083 | DEBUG    | gptchem.tuner:get_ft_model_name:29 - Fine tuning status: failed
2023-01-18 10:52:09.624 | DEBUG    | gptchem.tuner:get_ft_model_name:29 - Fine tuning status: failed
2023-01-18 10:54:10.426 | DEBUG    | gptchem.tuner:get_ft_model_name:29 - Fine tuning status: failed
2023-01-18 10:56:12.483 | DEBUG    | gptchem.tuner:get_ft_model_name:29 - Fine tuning status: failed
2023-01-18 10:58:12.970 | DEBUG    | gptchem.tuner:get_ft_model_name:29 - Fine tuning status: failed
2023-01-18 11:00:13.572 | DEBUG    | gptchem.tuner:get_ft_model_name:29 - Fine tuning status: failed
2023-01-18 11:02:14.154 | DEBUG    | gptchem.tuner:get_ft_model_name:29 - Fine tuning status: failed
2023-01-18 11:04:14.740 | DEBUG    | gptchem.tuner:get_ft_model_name:29 - Fine tuning status: failed
2023-01-18 11:06:15.996 | DEBUG    | gptchem.tuner:get_ft_model_name:29 - Fine tuning status: failed
2023-01-18 11:08:16.573 | DEBUG    | gptchem.tuner:get_ft_model_name:29 - Fine tuning status: failed
2023-01-18 11:10:17.185 | DEBUG    | gptchem.tuner:get_ft_model_name:29 - Fine tuning status: failed
2023-01-18 11:12:17.743 | DEBUG    | gptchem.tuner:get_ft_model_name:29 - Fine tuning status: failed
2023-01-18 11:14:18.346 | DEBUG    | gptchem.tuner:get_ft_model_name:29 - Fine tuning status: failed
2023-01-18 11:16:18.943 | DEBUG    | gptchem.tuner:get_ft_model_name:29 - Fine tuning status: failed
2023-01-18 11:18:19.504 | DEBUG    | gptchem.tuner:get_ft_model_name:29 - Fine tuning status: failed
2023-01-18 11:20:20.290 | DEBUG    | gptchem.tuner:get_ft_model_name:29 - Fine tuning status: failed
2023-01-18 11:22:21.045 | DEBUG    | gptchem.tuner:get_ft_model_name:29 - Fine tuning status: failed
2023-01-18 11:24:21.660 | DEBUG    | gptchem.tuner:get_ft_model_name:29 - Fine tuning status: failed
2023-01-18 11:26:22.239 | DEBUG    | gptchem.tuner:get_ft_model_name:29 - Fine tuning status: failed
2023-01-18 12:01:40.387 | DEBUG    | gptchem.tuner:get_ft_model_name:29 - Fine tuning status: failed
2023-01-18 12:03:42.554 | DEBUG    | gptchem.tuner:get_ft_model_name:29 - Fine tuning status: failed
2023-01-18 12:05:43.989 | DEBUG    | gptchem.tuner:get_ft_model_name:29 - Fine tuning status: failed
2023-01-18 12:07:44.571 | DEBUG    | gptchem.tuner:get_ft_model_name:29 - Fine tuning status: failed
2023-01-18 12:09:45.163 | DEBUG    | gptchem.tuner:get_ft_model_name:29 - Fine tuning status: failed
2023-01-18 12:11:45.726 | DEBUG    | gptchem.tuner:get_ft_model_name:29 - Fine tuning status: failed
2023-01-18 12:13:46.250 | DEBUG    | gptchem.tuner:get_ft_model_name:29 - Fine tuning status: failed
2023-01-18 12:15:46.817 | DEBUG    | gptchem.tuner:get_ft_model_name:29 - Fine tuning status: failed
2023-01-18 12:17:47.365 | DEBUG    | gptchem.tuner:get_ft_model_name:29 - Fine tuning status: failed
2023-01-18 12:19:47.929 | DEBUG    | gptchem.tuner:get_ft_model_name:29 - Fine tuning status: failed
2023-01-18 12:21:48.578 | DEBUG    | gptchem.tuner:get_ft_model_name:29 - Fine tuning status: failed
2023-01-18 12:23:49.137 | DEBUG    | gptchem.tuner:get_ft_model_name:29 - Fine tuning status: failed
2023-01-18 12:25:49.676 | DEBUG    | gptchem.tuner:get_ft_model_name:29 - Fine tuning status: failed
2023-01-18 12:27:50.237 | DEBUG    | gptchem.tuner:get_ft_model_name:29 - Fine tuning status: failed
2023-01-18 12:29:50.799 | DEBUG    | gptchem.tuner:get_ft_model_name:29 - Fine tuning status: failed
2023-01-18 12:31:52.244 | DEBUG    | gptchem.tuner:get_ft_model_name:29 - Fine tuning status: failed
2023-01-18 12:33:52.862 | DEBUG    | gptchem.tuner:get_ft_model_name:29 - Fine tuning status: failed
2023-01-18 12:35:53.469 | DEBUG    | gptchem.tuner:get_ft_model_name:29 - Fine tuning status: failed
2023-01-18 12:37:54.034 | DEBUG    | gptchem.tuner:get_ft_model_name:29 - Fine tuning status: failed
2023-01-18 12:39:54.597 | DEBUG    | gptchem.tuner:get_ft_model_name:29 - Fine tuning status: failed
2023-01-18 12:41:55.228 | DEBUG    | gptchem.tuner:get_ft_model_name:29 - Fine tuning status: failed
2023-01-18 12:43:55.938 | DEBUG    | gptchem.tuner:get_ft_model_name:29 - Fine tuning status: failed
2023-01-18 12:45:56.623 | DEBUG    | gptchem.tuner:get_ft_model_name:29 - Fine tuning status: failed
2023-01-18 12:47:57.340 | DEBUG    | gptchem.tuner:get_ft_model_name:29 - Fine tuning status: failed
2023-01-18 12:49:57.985 | DEBUG    | gptchem.tuner:get_ft_model_name:29 - Fine tuning status: failed
2023-01-18 12:51:58.640 | DEBUG    | gptchem.tuner:get_ft_model_name:29 - Fine tuning status: failed
2023-01-18 12:53:59.393 | DEBUG    | gptchem.tuner:get_ft_model_name:29 - Fine tuning status: failed
2023-01-18 13:38:59.953 | DEBUG    | gptchem.tuner:get_ft_model_name:29 - Fine tuning status: failed
2023-01-18 13:41:00.519 | DEBUG    | gptchem.tuner:get_ft_model_name:29 - Fine tuning status: failed
2023-01-18 13:43:01.119 | DEBUG    | gptchem.tuner:get_ft_model_name:29 - Fine tuning status: failed
2023-01-18 13:45:01.676 | DEBUG    | gptchem.tuner:get_ft_model_name:29 - Fine tuning status: failed
2023-01-18 13:47:02.385 | DEBUG    | gptchem.tuner:get_ft_model_name:29 - Fine tuning status: failed
2023-01-18 13:49:02.923 | DEBUG    | gptchem.tuner:get_ft_model_name:29 - Fine tuning status: failed
2023-01-18 13:51:03.440 | DEBUG    | gptchem.tuner:get_ft_model_name:29 - Fine tuning status: failed
2023-01-18 13:53:04.029 | DEBUG    | gptchem.tuner:get_ft_model_name:29 - Fine tuning status: failed
2023-01-18 13:55:04.768 | DEBUG    | gptchem.tuner:get_ft_model_name:29 - Fine tuning status: failed
2023-01-18 13:57:05.422 | DEBUG    | gptchem.tuner:get_ft_model_name:29 - Fine tuning status: failed
2023-01-18 13:59:06.033 | DEBUG    | gptchem.tuner:get_ft_model_name:29 - Fine tuning status: failed
2023-01-18 14:01:06.848 | DEBUG    | gptchem.tuner:get_ft_model_name:29 - Fine tuning status: failed
2023-01-18 14:03:07.445 | DEBUG    | gptchem.tuner:get_ft_model_name:29 - Fine tuning status: failed
2023-01-18 14:05:08.042 | DEBUG    | gptchem.tuner:get_ft_model_name:29 - Fine tuning status: failed
2023-01-18 14:07:08.851 | DEBUG    | gptchem.tuner:get_ft_model_name:29 - Fine tuning status: failed
2023-01-18 14:09:09.506 | DEBUG    | gptchem.tuner:get_ft_model_name:29 - Fine tuning status: failed
2023-01-18 14:11:10.151 | DEBUG    | gptchem.tuner:get_ft_model_name:29 - Fine tuning status: failed
2023-01-18 14:13:10.808 | DEBUG    | gptchem.tuner:get_ft_model_name:29 - Fine tuning status: failed
2023-01-18 14:15:12.501 | DEBUG    | gptchem.tuner:get_ft_model_name:29 - Fine tuning status: failed
2023-01-18 14:35:14.894 | DEBUG    | gptchem.tuner:get_ft_model_name:29 - Fine tuning status: failed
2023-01-18 14:37:15.511 | DEBUG    | gptchem.tuner:get_ft_model_name:29 - Fine tuning status: failed
2023-01-18 15:04:32.195 | ERROR    | gptchem.tuner:tune:194 - Fine tuning failed.
Traceback (most recent call last):

  File "/Users/kevinmaikjablonka/miniconda3/envs/gptchem/lib/python3.9/site-packages/urllib3/connection.py", line 174, in _new_conn
    conn = connection.create_connection(
           │          └ <function create_connection at 0x13f7b7280>
           └ <module 'urllib3.util.connection' from '/Users/kevinmaikjablonka/miniconda3/envs/gptchem/lib/python3.9/site-packages/urllib3/...
  File "/Users/kevinmaikjablonka/miniconda3/envs/gptchem/lib/python3.9/site-packages/urllib3/util/connection.py", line 72, in create_connection
    for res in socket.getaddrinfo(host, port, family, socket.SOCK_STREAM):
               │      │           │     │     │       │      └ <SocketKind.SOCK_STREAM: 1>
               │      │           │     │     │       └ <module 'socket' from '/Users/kevinmaikjablonka/miniconda3/envs/gptchem/lib/python3.9/socket.py'>
               │      │           │     │     └ <AddressFamily.AF_UNSPEC: 0>
               │      │           │     └ 443
               │      │           └ 'api.openai.com'
               │      └ <function getaddrinfo at 0x10e73ad30>
               └ <module 'socket' from '/Users/kevinmaikjablonka/miniconda3/envs/gptchem/lib/python3.9/socket.py'>
  File "/Users/kevinmaikjablonka/miniconda3/envs/gptchem/lib/python3.9/socket.py", line 954, in getaddrinfo
    for res in _socket.getaddrinfo(host, port, family, type, proto, flags):
               │       │           │     │     │       │     │      └ 0
               │       │           │     │     │       │     └ 0
               │       │           │     │     │       └ <SocketKind.SOCK_STREAM: 1>
               │       │           │     │     └ <AddressFamily.AF_UNSPEC: 0>
               │       │           │     └ 443
               │       │           └ 'api.openai.com'
               │       └ <built-in function getaddrinfo>
               └ <module '_socket' from '/Users/kevinmaikjablonka/miniconda3/envs/gptchem/lib/python3.9/lib-dynload/_socket.cpython-39-darwin....

socket.gaierror: [Errno 8] nodename nor servname provided, or not known


During handling of the above exception, another exception occurred:


Traceback (most recent call last):

  File "/Users/kevinmaikjablonka/miniconda3/envs/gptchem/lib/python3.9/site-packages/urllib3/connectionpool.py", line 703, in urlopen
    httplib_response = self._make_request(
                       │    └ <function HTTPConnectionPool._make_request at 0x13f845af0>
                       └ <urllib3.connectionpool.HTTPSConnectionPool object at 0x14e08cdf0>
  File "/Users/kevinmaikjablonka/miniconda3/envs/gptchem/lib/python3.9/site-packages/urllib3/connectionpool.py", line 386, in _make_request
    self._validate_conn(conn)
    │    │              └ <urllib3.connection.HTTPSConnection object at 0x14e107910>
    │    └ <function HTTPSConnectionPool._validate_conn at 0x13f846040>
    └ <urllib3.connectionpool.HTTPSConnectionPool object at 0x14e08cdf0>
  File "/Users/kevinmaikjablonka/miniconda3/envs/gptchem/lib/python3.9/site-packages/urllib3/connectionpool.py", line 1042, in _validate_conn
    conn.connect()
    │    └ <function HTTPSConnection.connect at 0x13f8268b0>
    └ <urllib3.connection.HTTPSConnection object at 0x14e107910>
  File "/Users/kevinmaikjablonka/miniconda3/envs/gptchem/lib/python3.9/site-packages/urllib3/connection.py", line 358, in connect
    self.sock = conn = self._new_conn()
    │    │             │    └ <function HTTPConnection._new_conn at 0x13f826310>
    │    │             └ <urllib3.connection.HTTPSConnection object at 0x14e107910>
    │    └ None
    └ <urllib3.connection.HTTPSConnection object at 0x14e107910>
  File "/Users/kevinmaikjablonka/miniconda3/envs/gptchem/lib/python3.9/site-packages/urllib3/connection.py", line 186, in _new_conn
    raise NewConnectionError(
          └ <class 'urllib3.exceptions.NewConnectionError'>

urllib3.exceptions.NewConnectionError: <urllib3.connection.HTTPSConnection object at 0x14e107910>: Failed to establish a new connection: [Errno 8] nodename nor servname provided, or not known


During handling of the above exception, another exception occurred:


Traceback (most recent call last):

  File "/Users/kevinmaikjablonka/miniconda3/envs/gptchem/lib/python3.9/site-packages/requests/adapters.py", line 489, in send
    resp = conn.urlopen(
           │    └ <function HTTPConnectionPool.urlopen at 0x13f845d30>
           └ <urllib3.connectionpool.HTTPSConnectionPool object at 0x14e08cdf0>
  File "/Users/kevinmaikjablonka/miniconda3/envs/gptchem/lib/python3.9/site-packages/urllib3/connectionpool.py", line 815, in urlopen
    return self.urlopen(
           │    └ <function HTTPConnectionPool.urlopen at 0x13f845d30>
           └ <urllib3.connectionpool.HTTPSConnectionPool object at 0x14e08cdf0>
  File "/Users/kevinmaikjablonka/miniconda3/envs/gptchem/lib/python3.9/site-packages/urllib3/connectionpool.py", line 815, in urlopen
    return self.urlopen(
           │    └ <function HTTPConnectionPool.urlopen at 0x13f845d30>
           └ <urllib3.connectionpool.HTTPSConnectionPool object at 0x14e08cdf0>
  File "/Users/kevinmaikjablonka/miniconda3/envs/gptchem/lib/python3.9/site-packages/urllib3/connectionpool.py", line 787, in urlopen
    retries = retries.increment(
              │       └ <function Retry.increment at 0x13f7d19d0>
              └ Retry(total=0, connect=None, read=None, redirect=None, status=None)
  File "/Users/kevinmaikjablonka/miniconda3/envs/gptchem/lib/python3.9/site-packages/urllib3/util/retry.py", line 592, in increment
    raise MaxRetryError(_pool, url, error or ResponseError(cause))
          │             │      │    │        │             └ 'unknown'
          │             │      │    │        └ <class 'urllib3.exceptions.ResponseError'>
          │             │      │    └ NewConnectionError('<urllib3.connection.HTTPSConnection object at 0x14e107910>: Failed to establish a new connection: [Errno ...
          │             │      └ '/v1/fine-tunes/ft-0cjNTOSMiaRRcdvIDp4qBtPD'
          │             └ <urllib3.connectionpool.HTTPSConnectionPool object at 0x14e08cdf0>
          └ <class 'urllib3.exceptions.MaxRetryError'>

urllib3.exceptions.MaxRetryError: HTTPSConnectionPool(host='api.openai.com', port=443): Max retries exceeded with url: /v1/fine-tunes/ft-0cjNTOSMiaRRcdvIDp4qBtPD (Caused by NewConnectionError('<urllib3.connection.HTTPSConnection object at 0x14e107910>: Failed to establish a new connection: [Errno 8] nodename nor servname provided, or not known'))


During handling of the above exception, another exception occurred:


Traceback (most recent call last):

  File "/Users/kevinmaikjablonka/miniconda3/envs/gptchem/lib/python3.9/site-packages/openai/api_requestor.py", line 498, in request_raw
    result = _thread_context.session.request(
             └ <_thread._local object at 0x12f154180>
  File "/Users/kevinmaikjablonka/miniconda3/envs/gptchem/lib/python3.9/site-packages/requests/sessions.py", line 587, in request
    resp = self.send(prep, **send_kwargs)
           │    │    │       └ {'timeout': 600, 'allow_redirects': True, 'proxies': OrderedDict(), 'stream': False, 'verify': True, 'cert': None}
           │    │    └ <PreparedRequest [GET]>
           │    └ <function Session.send at 0x13fc738b0>
           └ <requests.sessions.Session object at 0x14e08c7c0>
  File "/Users/kevinmaikjablonka/miniconda3/envs/gptchem/lib/python3.9/site-packages/requests/sessions.py", line 701, in send
    r = adapter.send(request, **kwargs)
        │       │    │          └ {'timeout': 600, 'proxies': OrderedDict(), 'stream': False, 'verify': True, 'cert': None}
        │       │    └ <PreparedRequest [GET]>
        │       └ <function HTTPAdapter.send at 0x13fc75d30>
        └ <requests.adapters.HTTPAdapter object at 0x14e08cfa0>
  File "/Users/kevinmaikjablonka/miniconda3/envs/gptchem/lib/python3.9/site-packages/requests/adapters.py", line 565, in send
    raise ConnectionError(e, request=request)
          │                          └ <PreparedRequest [GET]>
          └ <class 'requests.exceptions.ConnectionError'>

requests.exceptions.ConnectionError: HTTPSConnectionPool(host='api.openai.com', port=443): Max retries exceeded with url: /v1/fine-tunes/ft-0cjNTOSMiaRRcdvIDp4qBtPD (Caused by NewConnectionError('<urllib3.connection.HTTPSConnection object at 0x14e107910>: Failed to establish a new connection: [Errno 8] nodename nor servname provided, or not known'))


The above exception was the direct cause of the following exception:


Traceback (most recent call last):

  File "/Users/kevinmaikjablonka/git/kjappelbaum/gptchem/experiments/03_classification/mof_solvent/run_experiments.py", line 64, in <module>
    train_test(train_size, seed)
    │          │           └ 0
    │          └ 10
    └ <function train_test at 0x100c530d0>

  File "/Users/kevinmaikjablonka/git/kjappelbaum/gptchem/experiments/03_classification/mof_solvent/run_experiments.py", line 42, in train_test
    tune_res = tuner(train)
               │     └                                                 prompt  ...             solvent_mol_ratios
               │       361  In what solvent can one make ...
               └ gptchem.tuner.Tuner(base_model='ada', batch_size=None, n_epochs=8, learning_rate_multiplier=0.02, run_name=None)

  File "/Users/kevinmaikjablonka/git/kjappelbaum/gptchem/src/gptchem/tuner.py", line 208, in __call__
    return self.tune(train_df, validation_df)
           │    │    │         └ None
           │    │    └                                                 prompt  ...             solvent_mol_ratios
           │    │      361  In what solvent can one make ...
           │    └ <function Tuner.tune at 0x14e08b550>
           └ gptchem.tuner.Tuner(base_model='ada', batch_size=None, n_epochs=8, learning_rate_multiplier=0.02, run_name=None)

> File "/Users/kevinmaikjablonka/git/kjappelbaum/gptchem/src/gptchem/tuner.py", line 189, in tune
    modelname = get_ft_model_name(ft_id, self._sleep)
                │                 │      │    └ 120
                │                 │      └ gptchem.tuner.Tuner(base_model='ada', batch_size=None, n_epochs=8, learning_rate_multiplier=0.02, run_name=None)
                │                 └ 'ft-0cjNTOSMiaRRcdvIDp4qBtPD'
                └ <function get_ft_model_name at 0x14e088f70>

  File "/Users/kevinmaikjablonka/git/kjappelbaum/gptchem/src/gptchem/tuner.py", line 27, in get_ft_model_name
    ft = FineTune.retrieve(id=ft_id)
         │        │           └ 'ft-0cjNTOSMiaRRcdvIDp4qBtPD'
         │        └ <classmethod object at 0x13fd06eb0>
         └ <class 'openai.api_resources.fine_tune.FineTune'>

  File "/Users/kevinmaikjablonka/miniconda3/envs/gptchem/lib/python3.9/site-packages/openai/api_resources/abstract/api_resource.py", line 20, in retrieve
    instance.refresh(request_id=request_id, request_timeout=request_timeout)
    │        │                  │                           └ None
    │        │                  └ None
    │        └ <function APIResource.refresh at 0x14e0129d0>
    └ <FineTune id=ft-0cjNTOSMiaRRcdvIDp4qBtPD at 0x14e10a590> JSON: {
        "id": "ft-0cjNTOSMiaRRcdvIDp4qBtPD"
      }
  File "/Users/kevinmaikjablonka/miniconda3/envs/gptchem/lib/python3.9/site-packages/openai/api_resources/abstract/api_resource.py", line 32, in refresh
    self.request(
    │    └ <function OpenAIObject.request at 0x14e012430>
    └ <FineTune id=ft-0cjNTOSMiaRRcdvIDp4qBtPD at 0x14e10a590> JSON: {
        "id": "ft-0cjNTOSMiaRRcdvIDp4qBtPD"
      }
  File "/Users/kevinmaikjablonka/miniconda3/envs/gptchem/lib/python3.9/site-packages/openai/openai_object.py", line 179, in request
    response, stream, api_key = requestor.request(
              │                 │         └ <function APIRequestor.request at 0x14e009550>
              │                 └ <openai.api_requestor.APIRequestor object at 0x13f7aca00>
              └ False
  File "/Users/kevinmaikjablonka/miniconda3/envs/gptchem/lib/python3.9/site-packages/openai/api_requestor.py", line 216, in request
    result = self.request_raw(
             │    └ <function APIRequestor.request_raw at 0x14e0098b0>
             └ <openai.api_requestor.APIRequestor object at 0x13f7aca00>
  File "/Users/kevinmaikjablonka/miniconda3/envs/gptchem/lib/python3.9/site-packages/openai/api_requestor.py", line 510, in request_raw
    raise error.APIConnectionError("Error communicating with OpenAI: {}".format(e)) from e
          │     └ <class 'openai.error.APIConnectionError'>
          └ <module 'openai.error' from '/Users/kevinmaikjablonka/miniconda3/envs/gptchem/lib/python3.9/site-packages/openai/error.py'>

openai.error.APIConnectionError: Error communicating with OpenAI: HTTPSConnectionPool(host='api.openai.com', port=443): Max retries exceeded with url: /v1/fine-tunes/ft-0cjNTOSMiaRRcdvIDp4qBtPD (Caused by NewConnectionError('<urllib3.connection.HTTPSConnection object at 0x14e107910>: Failed to establish a new connection: [Errno 8] nodename nor servname provided, or not known'))
Uploaded file from /Users/kevinmaikjablonka/git/kjappelbaum/gptchem/experiments/03_classification/mof_solvent/out/20230117_233319/train.jsonl: file-vwMUVnRe5aUpnwdxvsaYVJAF
Traceback (most recent call last):
  File "/Users/kevinmaikjablonka/git/kjappelbaum/gptchem/experiments/03_classification/mof_solvent/run_experiments.py", line 64, in <module>
    train_test(train_size, seed)
  File "/Users/kevinmaikjablonka/git/kjappelbaum/gptchem/experiments/03_classification/mof_solvent/run_experiments.py", line 42, in train_test
    tune_res = tuner(train)
  File "/Users/kevinmaikjablonka/git/kjappelbaum/gptchem/src/gptchem/tuner.py", line 208, in __call__
    return self.tune(train_df, validation_df)
  File "/Users/kevinmaikjablonka/git/kjappelbaum/gptchem/src/gptchem/tuner.py", line 196, in tune
    self._modelname = modelname
UnboundLocalError: local variable 'modelname' referenced before assignment
